0 info it worked if it ends with ok
1 verbose cli [
1 verbose cli   '/usr/local/bin/node',
1 verbose cli   '/home/richlion/.npm-global/bin/npm',
1 verbose cli   'run',
1 verbose cli   'dev'
1 verbose cli ]
2 info using npm@3.10.10
3 info using node@v18.1.0
4 verbose stack Error: ENOENT: no such file or directory, open '/home/richlion/Desktop/callbak/project/package.json'
5 verbose cwd /home/richlion/Desktop/callbak/project
6 error Linux 5.13.0-40-generic
7 error argv "/usr/local/bin/node" "/home/richlion/.npm-global/bin/npm" "run" "dev"
8 error node v18.1.0
9 error npm  v3.10.10
10 error path /home/richlion/Desktop/callbak/project/package.json
11 error code ENOENT
12 error errno -2
13 error syscall open
14 error enoent ENOENT: no such file or directory, open '/home/richlion/Desktop/callbak/project/package.json'
15 error enoent ENOENT: no such file or directory, open '/home/richlion/Desktop/callbak/project/package.json'
15 error enoent This is most likely not a problem with npm itself
15 error enoent and is related to npm not being able to find a file.
16 verbose exit [ -2, true ]
